===Evaluated genomes===:
356021201  19.46941198,9.91871461176
242211202  20.5270041452,22.7045717218
332110100  10.5022350639,14.9010711581
242201100  21.7902172881,23.4552651539
132121210  16.5968412991,19.1761612886
543211120  8.53795947452,11.5272788444
653001222  11.3621086692,14.554495597
033000102  27.2590454073,21.4462227302
445111022  10.3779131631,8.81250622168
044211201  28.0601095269,18.9799451278
536122100  8.73485153931,7.4582667411
632011100  9.40285347172,14.8992276083
332112201  10.5022350639,14.9010711581
455102011  11.8310247821,9.0908514931
446211022  9.99135012093,9.76745234331
242012100  26.2693804751,24.3791837154
332201011  9.18090250181,17.6203433447
452000002  17.9894921105,23.1408453884
245101011  24.779745611,14.3418240868
443200102  8.40407336895,13.1949677218
035201022  23.6579809408,12.1658126373
244122100  24.3271544269,16.5494231986
252120212  26.8433283665,25.4641886615
236210221  21.2860966198,11.019456371
555020022  12.1878337218,9.91239308597
456011002  12.9843412083,8.44345239037
135221201  17.5884482689,11.1364643676
453111201  11.0275800974,13.1777779763
346110022  15.6371029622,10.3574413613
543200212  8.50334959762,12.9860205568
142202101  17.8330061059,21.2455539552
635222211  5.15333708042,8.78049394354
155111100  30.7462621813,13.7567967744
242212110  20.5270041452,22.7045717218
345220101  12.9275243673,12.7846578971
232201000  15.2601289617,21.4153095145
436101001  8.52884084356,7.54209774242
155011121  31.8824133229,14.5253398927
446012210  12.4534971343,9.24996158473
034222200  23.9053939904,14.9330773605
332212201  8.80784628964,15.8642590594
132102101  15.775356551,17.4169656136
643211100  6.55317977836,11.7111812817
532011120  11.3178889935,15.4168728041
536122101  8.6115633276,7.39302528249
352021200  18.0515390345,24.4829214601
135221201  17.5884482689,11.1364643676
635122211  5.68078366372,8.37824539738
436200001  7.74844764552,7.5746590586
543101212  9.53565747915,12.0376837682
232201000  15.2601289617,21.4153095145
536122100  8.73485153931,7.4582667411
446012120  11.9379188123,8.88505244194
543211210  8.53795947452,11.5272788444
456011002  12.9843412083,8.44345239037
455102011  11.8310247821,9.0908514931
242012102  26.2693804751,24.3791837154
443200100  8.40407336895,13.1949677218
443012210  10.8183617728,12.5522056506
445111222  10.5252725147,8.37836826771
445110002  10.3496773716,9.28328010441
456011022  12.7781507384,8.25185413047
555020022  12.1878337218,9.91239308597
443200002  8.40407336895,13.1949677218
455110022  11.2979533133,9.03819996658
346102011  14.5113660573,10.3504308701
035221022  23.6592138058,12.1413888918
345200101  13.3072385021,12.8311312806
034222200  23.9053939904,14.9330773605
332121100  10.7805229792,16.2056307789
032201022  19.8928645837,23.0427590966
335201011  11.6258064977,9.79539450827
046210212  32.8036052301,15.6202687077
543201022  8.06293793697,11.7627589882
235210221  20.3548730367,11.4954398536
636222211  5.4905104292,7.29936465872
332122101  10.7805229792,16.2056307789
244112200  25.3787792355,16.0425303305
443211102  8.7162708458,11.6103509011
645111220  6.47341521939,7.41810996711
536102000  8.5516242228,7.6925946369
455122111  11.5808315146,8.79595713383
556021101  12.1816770137,7.99946982141
436122002  9.15323431837,7.66443122896
445120002  10.3461044594,9.76727168376
635112211  5.86245139033,8.49693812727
335001011  14.030331037,10.9009743049
456201002  11.4881670009,8.25919456488
543211022  8.53795947452,11.5272788444
456001002  12.5463422125,8.43974317669
636222212  5.41266532204,7.4273284572
555020021  12.1878337218,9.91239308597
446021002  11.8503060233,8.79235545348
456012120  12.9253502724,8.23634540265
655122212  7.39627099325,8.57014220794
435102011  8.40279216282,8.86633375845
536100000  8.23720203641,7.77876279964
436222101  8.47144579836,7.53068590812
436200001  7.74844764552,7.5746590586
543200212  8.50334959762,12.9860205568
455102011  11.8310247821,9.0908514931
435111022  8.51143283749,8.69164114318
536122102  7.80862208347,7.31042023911
536122100  8.73485153931,7.4582667411
332212101  8.80784628964,15.8642590594
643211200  6.55317977836,11.7111812817
445201002  9.81821395864,10.3526598282
544110022  9.27288365121,9.39975303646
635200001  5.68350186311,9.21992159601
443222210  8.51866159168,12.0267020649
635212211  5.42534915353,8.65958642252
456001022  12.7773545713,8.43335690437
543222212  8.48985467072,12.0137099495
636200211  5.2861269151,7.41010042894
543212120  8.23699101499,11.7106840494
443211210  8.7162708458,11.6103509011
336122101  12.7354584814,8.33292265674
535201011  7.53718063528,8.86069017015
536122101  8.6115633276,7.39302528249
536122100  8.73485153931,7.4582667411
636222211  5.4905104292,7.29936465872
635222211  5.15333708042,8.78049394354
436122002  9.15323431837,7.66443122896
536120100  8.67968070956,7.56512985913
436211001  7.68341791502,7.48251708355
643200000  7.28952062668,13.3426999098
436200021  8.45466379284,7.90355977878
635120211  5.90519221319,8.09499769154
536122100  8.73485153931,7.4582667411
636222212  5.41266532204,7.4273284572
543201102  8.06293793697,11.7627589882
556021021  12.6487788687,8.28662716611
643211100  6.55317977836,11.7111812817
536122100  8.73485153931,7.4582667411
636222211  5.4905104292,7.29936465872
635222211  5.15333708042,8.78049394354
635212011  5.40650784131,8.7668128295
436122202  9.0660292675,7.6127256774
535212220  7.55793722659,9.05425398441
635211212  5.11468864334,8.56660589219
435102011  8.40279216282,8.86633375845
635112211  5.86245139033,8.49693812727
643211200  6.55317977836,11.7111812817
536122102  7.80862208347,7.31042023911
636122101  5.70962775965,7.16755836326
536200212  7.58672242538,7.69010164881
535201000  7.60679442908,9.03375265621
536100011  8.36996624749,7.485466067
536122101  8.6115633276,7.39302528249
436202001  7.94570873778,7.69399653522
536102000  8.5516242228,7.6925946369
235121212  22.2889968152,11.7352972004
546122200  10.3416878377,8.59172513552
635122111  6.05729640481,8.32967373699
636200011  5.61644879062,7.47787462768
636222222  5.47263703338,7.55400006266
636022211  6.4936228776,7.28908055484
645111220  6.47341521939,7.41810996711
536222101  8.04107980498,7.66088747357
636122211  5.73050091478,7.0573931001
635100011  6.2294407177,8.745094894
536222211  7.95031059945,7.62445867296
636202222  5.26486033365,7.56188397854
636222211  5.4905104292,7.29936465872
635110211  6.06495531329,8.38287537669
636202211  5.42595990439,7.40295289461
536100100  8.30295295812,7.62705556209
536122011  8.02386632441,7.33773952093
536122202  8.42135922034,7.48595342516
536122101  8.6115633276,7.39302528249
536122102  7.80862208347,7.31042023911
536122101  8.6115633276,7.39302528249
636122100  5.96815211918,7.33226485738
536122102  7.80862208347,7.31042023911
636122211  5.73050091478,7.0573931001
635011101  6.75226477606,8.73632953134
535202100  7.60512253837,9.13179143868
636120001  5.89624342086,7.42666543198
536122101  8.6115633276,7.39302528249
635222210  5.15333708042,8.78049394354
536122101  8.6115633276,7.39302528249
636222212  5.41266532204,7.4273284572
536122102  7.80862208347,7.31042023911
636222211  5.4905104292,7.29936465872
636222211  5.4905104292,7.29936465872
636222211  5.4905104292,7.29936465872
636220011  5.70573637006,7.42528555886
436202101  8.27486315549,7.59242898183
036122212  27.8441953362,12.3398204234
536222102  7.65982062412,7.73853772155
636200211  5.2861269151,7.41010042894
635222211  5.15333708042,8.78049394354
635212011  5.40650784131,8.7668128295
636200211  5.2861269151,7.41010042894
636200001  5.86750707773,7.69435543284
435222111  7.61137544111,9.03969212182
635211211  5.11468864334,8.56660589219
636122212  5.82679986015,7.18531721044
635222111  5.36763930147,8.70114951315
636122000  5.71710285645,7.53315566573
636202221  5.36030848742,7.49529955003
636221222  5.22747036049,7.48065978514
635222210  5.15333708042,8.78049394354
636122211  5.73050091478,7.0573931001
636120211  5.7758506082,7.16821189584
636200001  5.86750707773,7.69435543284
636202211  5.42595990439,7.40295289461
636222211  5.4905104292,7.29936465872
636222211  5.4905104292,7.29936465872
636200211  5.2861269151,7.41010042894
636111220  5.57585902118,7.14813832246
645222212  6.31397048169,8.61823166007
536122011  8.02386632441,7.33773952093
635212102  5.55941022914,8.72496889767
636022211  6.4936228776,7.28908055484
635212011  5.40650784131,8.7668128295
645111212  6.36742095136,7.18778185708
635211220  5.12593750949,8.6861155999
636200211  5.2861269151,7.41010042894
646202211  6.73722488405,8.46533804228
636122211  5.73050091478,7.0573931001
636222211  5.4905104292,7.29936465872
532122202  7.7863018356,13.9291008025
635222111  5.36763930147,8.70114951315
636202222  5.26486033365,7.56188397854
636222211  5.4905104292,7.29936465872
636222211  5.4905104292,7.29936465872
636122101  5.70962775965,7.16755836326
636022222  6.51982669142,7.67742914781
636222211  5.4905104292,7.29936465872
636222211  5.4905104292,7.29936465872
636222211  5.4905104292,7.29936465872
636111210  5.84301586566,7.12481393231
636200221  5.57910153278,7.36470578155
636222211  5.4905104292,7.29936465872
632122211  6.6256976001,13.662576908
636200211  5.2861269151,7.41010042894
636200211  5.2861269151,7.41010042894
636202222  5.26486033365,7.56188397854
636111220  5.57585902118,7.14813832246
636222211  5.4905104292,7.29936465872
636102211  5.77241987267,7.15415106304
635111211  5.89805259388,8.07208197485
636222211  5.4905104292,7.29936465872
635211211  5.11468864334,8.56660589219
636222211  5.4905104292,7.29936465872
636222211  5.4905104292,7.29936465872
636200211  5.2861269151,7.41010042894
636222211  5.4905104292,7.29936465872
636222211  5.4905104292,7.29936465872
636022222  6.51982669142,7.67742914781
636202211  5.42595990439,7.40295289461
633102211  6.71230700123,12.4347615387
636200211  5.2861269151,7.41010042894
636202222  5.26486033365,7.56188397854
636222211  5.4905104292,7.29936465872
636222012  5.34491029405,7.44897492172
636222211  5.4905104292,7.29936465872
635221222  5.2857005831,8.74995244875
636211212  5.19509861752,7.25879056749
636202221  5.36030848742,7.49529955003
636122000  5.71710285645,7.53315566573
136122211  18.9246320394,9.69804161422
636122101  5.70962775965,7.16755836326
636122101  5.70962775965,7.16755836326
636222211  5.4905104292,7.29936465872
645222220  6.3307989718,8.98729181797
656211211  7.26507439635,7.23972155971
636222211  5.4905104292,7.29936465872
636122211  5.73050091478,7.0573931001
636122211  5.73050091478,7.0573931001
636122211  5.73050091478,7.0573931001
636221222  5.22747036049,7.48065978514
656122211  7.69265811202,7.24023441969
636202222  5.26486033365,7.56188397854
636221211  5.4707706999,7.24049953724
636122211  5.73050091478,7.0573931001
636200211  5.2861269151,7.41010042894
636122201  5.71782247031,7.26126803032
636222111  5.41477733712,7.28280226221
636200211  5.2861269151,7.41010042894
636121211  5.86698685824,7.02126279901
636222211  5.4905104292,7.29936465872
636200211  5.2861269151,7.41010042894
636211211  5.27979641619,7.14511334171
635222211  5.15333708042,8.78049394354
636111012  5.80515622563,7.11692755108
635210222  5.21850091736,8.90160591393
636121211  5.86698685824,7.02126279901
635212212  5.42534915353,8.65958642252
636210211  5.67746250248,7.33619949164
635221212  5.14954309836,8.63289530695
636222211  5.4905104292,7.29936465872
636222211  5.4905104292,7.29936465872
635222211  5.15333708042,8.78049394354
636211211  5.27979641619,7.14511334171
636111220  5.57585902118,7.14813832246
636111210  5.84301586566,7.12481393231
636211221  5.39862350882,7.328146008
636222210  5.27512327322,7.48040811597
636122211  5.73050091478,7.0573931001
636222101  5.19253729408,7.44153389198
436101210  9.01704163392,7.53150711206
436111220  9.05039043353,7.50903281874
636222211  5.4905104292,7.29936465872
636222211  5.4905104292,7.29936465872
635211212  5.11468864334,8.56660589219
636111220  5.57585902118,7.14813832246
636210211  5.67746250248,7.33619949164
635211212  5.11468864334,8.56660589219
636111220  5.57585902118,7.14813832246
636111220  5.57585902118,7.14813832246
636121212  5.80640731497,7.07393316721
636211211  5.27979641619,7.14511334171
033222101  23.0119785719,19.1033822911
633211220  5.1771577728,10.9668636309
655200211  7.13779182902,9.100981025
636211211  5.27979641619,7.14511334171
636122211  5.73050091478,7.0573931001
636200211  5.2861269151,7.41010042894
636200211  5.2861269151,7.41010042894
636211211  5.27979641619,7.14511334171
635121220  5.82494948338,8.33395563613
636211211  5.27979641619,7.14511334171
436211211  8.25689628833,7.57763145253
536221211  7.757543748,7.31076456175
636122212  5.82679986015,7.18531721044
636121211  5.86698685824,7.02126279901
632211212  5.96302741454,15.2107490847
636211221  5.39862350882,7.328146008
636122012  5.69285034406,7.26373886582
636222210  5.27512327322,7.48040811597
636122211  5.73050091478,7.0573931001
636111210  5.84301586566,7.12481393231
635221212  5.14954309836,8.63289530695
635211212  5.11468864334,8.56660589219
636221222  5.22747036049,7.48065978514
636211211  5.27979641619,7.14511334171
636222101  5.19253729408,7.44153389198
636122211  5.73050091478,7.0573931001
436121221  8.61752491109,7.38442981179
636222211  5.4905104292,7.29936465872
635211212  5.11468864334,8.56660589219
636111220  5.57585902118,7.14813832246
636211211  5.27979641619,7.14511334171
635121212  5.81461618567,8.42401445103
635212101  5.55941022914,8.72496889767
636221220  5.47136901214,7.53576360172
636121201  5.66519460065,7.12972537935
636222111  5.41477733712,7.28280226221
636211212  5.19509861752,7.25879056749
636221222  5.22747036049,7.48065978514
636201011  5.68491126383,7.36653314639
635211210  5.11468864334,8.56660589219
635211212  5.11468864334,8.56660589219
636121211  5.86698685824,7.02126279901
636111211  5.77916270566,6.85683518477
636221212  5.21304061542,7.34783834368
635212202  5.76056758711,8.79922760291
636122211  5.73050091478,7.0573931001
636122211  5.73050091478,7.0573931001
636121211  5.86698685824,7.02126279901
635222212  5.15333708042,8.78049394354
636111211  5.77916270566,6.85683518477
636122211  5.73050091478,7.0573931001
635211211  5.11468864334,8.56660589219
635221212  5.14954309836,8.63289530695
632111212  6.96323500629,13.3189627001
636122211  5.73050091478,7.0573931001
536221222  7.74486556492,7.68174976752
636211212  5.19509861752,7.25879056749
635211212  5.11468864334,8.56660589219
633222101  5.09716103897,11.4809668463
635211212  5.11468864334,8.56660589219
636212211  5.46851460174,7.28864922972
636121212  5.80640731497,7.07393316721
636122211  5.73050091478,7.0573931001
635211212  5.11468864334,8.56660589219
034222211  23.9053939904,14.9330773605
636221201  5.10622683643,7.43231025235
636122211  5.73050091478,7.0573931001
636211212  5.19509861752,7.25879056749
635221212  5.14954309836,8.63289530695
636211211  5.27979641619,7.14511334171
636211212  5.19509861752,7.25879056749
636211211  5.27979641619,7.14511334171
636122211  5.73050091478,7.0573931001
636122211  5.73050091478,7.0573931001
636221200  5.71666418603,7.56735565958
636102211  5.77241987267,7.15415106304
636211212  5.19509861752,7.25879056749
636211211  5.27979641619,7.14511334171
636222211  5.4905104292,7.29936465872
636111212  5.66043968604,6.99263329853
636211211  5.27979641619,7.14511334171
636111211  5.77916270566,6.85683518477
636212101  5.44087924047,7.35913070363
633221211  5.34334590177,11.4598829127
236121211  23.5069603269,10.8700661693
635212211  5.42534915353,8.65958642252
636221211  5.4707706999,7.24049953724
636111211  5.77916270566,6.85683518477
636122211  5.73050091478,7.0573931001
636111211  5.77916270566,6.85683518477
636211212  5.19509861752,7.25879056749
632211211  5.96302741454,15.2107490847
636112211  5.65983799719,6.95263858286
656122211  7.69265811202,7.24023441969
636121211  5.86698685824,7.02126279901
636212211  5.46851460174,7.28864922972
636121211  5.86698685824,7.02126279901
636211212  5.19509861752,7.25879056749
636111201  5.83397141444,7.06033972527
636121211  5.86698685824,7.02126279901
636120101  5.99431929225,7.26232713081
633212211  5.45959564485,11.7938129813
646011212  7.23462775605,6.92687503234
636211212  5.19509861752,7.25879056749
636211210  5.45597637155,7.30178591942
636211211  5.27979641619,7.14511334171
033221201  22.4501784322,18.2194780028
636221211  5.4707706999,7.24049953724
636211211  5.27979641619,7.14511334171
636211212  5.19509861752,7.25879056749
636211211  5.27979641619,7.14511334171
636111211  5.77916270566,6.85683518477
636111212  5.66043968604,6.99263329853
633222101  5.09716103897,11.4809668463
336112211  12.9099713905,8.45444029519
636211211  5.27979641619,7.14511334171
636111211  5.77916270566,6.85683518477
636211211  5.27979641619,7.14511334171
636211011  5.77679538263,7.22584916285
636211212  5.19509861752,7.25879056749
636212211  5.46851460174,7.28864922972
636111211  5.77916270566,6.85683518477
636010212  6.51448259498,7.68487872716
646211211  6.39769807958,8.183831329
636221221  5.55526885781,7.36126607278
636221201  5.10622683643,7.43231025235
636111211  5.77916270566,6.85683518477
636221212  5.21304061542,7.34783834368
636211212  5.19509861752,7.25879056749
636211211  5.27979641619,7.14511334171
636211211  5.27979641619,7.14511334171
636211011  5.77679538263,7.22584916285
636111212  5.66043968604,6.99263329853
636211211  5.27979641619,7.14511334171
636111211  5.77916270566,6.85683518477
636212212  5.07725675369,7.30730935019
636212211  5.46851460174,7.28864922972
634211212  5.36919319353,10.4211564521
636211212  5.19509861752,7.25879056749
646011212  7.23462775605,6.92687503234
636221211  5.4707706999,7.24049953724
036111201  27.3535472032,12.1182683397
636211212  5.19509861752,7.25879056749
636211211  5.27979641619,7.14511334171
636211211  5.27979641619,7.14511334171
636211211  5.27979641619,7.14511334171
636211211  5.27979641619,7.14511334171
636211212  5.19509861752,7.25879056749
636112211  5.65983799719,6.95263858286
636211212  5.19509861752,7.25879056749
636211211  5.27979641619,7.14511334171
636111211  5.77916270566,6.85683518477
636211211  5.27979641619,7.14511334171
636211212  5.19509861752,7.25879056749
636211212  5.19509861752,7.25879056749
636212211  5.46851460174,7.28864922972
636211212  5.19509861752,7.25879056749
636211211  5.27979641619,7.14511334171
636211211  5.27979641619,7.14511334171
636211211  5.27979641619,7.14511334171
636211211  5.27979641619,7.14511334171
636211211  5.27979641619,7.14511334171
636211011  5.77679538263,7.22584916285
636211211  5.27979641619,7.14511334171
636211211  5.27979641619,7.14511334171
636211211  5.27979641619,7.14511334171
636211211  5.27979641619,7.14511334171
636211211  5.27979641619,7.14511334171
636211211  5.27979641619,7.14511334171
636211211  5.27979641619,7.14511334171
636112211  5.65983799719,6.95263858286
636211211  5.27979641619,7.14511334171
636211212  5.19509861752,7.25879056749
636210212  5.76815130844,7.41459663306
636211211  5.27979641619,7.14511334171
636211011  5.77679538263,7.22584916285
636111211  5.77916270566,6.85683518477
636212210  5.48684937601,7.39171043876
636211211  5.27979641619,7.14511334171
636211211  5.27979641619,7.14511334171
636211211  5.27979641619,7.14511334171
636201211  5.73430118529,7.35198869329
636211211  5.27979641619,7.14511334171
636211211  5.27979641619,7.14511334171
633211211  5.1771577728,10.9668636309
636112211  5.65983799719,6.95263858286
636112211  5.65983799719,6.95263858286
636102211  5.77241987267,7.15415106304
636111211  5.77916270566,6.85683518477
636111211  5.77916270566,6.85683518477
636211212  5.19509861752,7.25879056749
636211211  5.27979641619,7.14511334171
636211211  5.27979641619,7.14511334171
636111211  5.77916270566,6.85683518477
636211211  5.27979641619,7.14511334171
636211211  5.27979641619,7.14511334171
636211212  5.19509861752,7.25879056749
636212212  5.07725675369,7.30730935019
636211212  5.19509861752,7.25879056749
636211211  5.27979641619,7.14511334171
636211211  5.27979641619,7.14511334171
636211211  5.27979641619,7.14511334171
636211212  5.19509861752,7.25879056749
636101211  5.61321943246,7.06248630774
656211212  7.3527018548,7.36673178609
636211211  5.27979641619,7.14511334171
636211211  5.27979641619,7.14511334171
636111211  5.77916270566,6.85683518477
636211211  5.27979641619,7.14511334171
636211211  5.27979641619,7.14511334171
636112211  5.65983799719,6.95263858286
636211211  5.27979641619,7.14511334171
636211211  5.27979641619,7.14511334171
636111211  5.77916270566,6.85683518477
636211211  5.27979641619,7.14511334171
636211211  5.27979641619,7.14511334171
636211211  5.27979641619,7.14511334171
636211211  5.27979641619,7.14511334171
636211211  5.27979641619,7.14511334171
636211212  5.19509861752,7.25879056749
636211211  5.27979641619,7.14511334171
636211211  5.27979641619,7.14511334171
636211211  5.27979641619,7.14511334171
635211211  5.11468864334,8.56660589219
636112211  5.65983799719,6.95263858286
636121211  5.86698685824,7.02126279901
636112212  5.77955789834,7.06746052145
636211211  5.27979641619,7.14511334171
636210211  5.67746250248,7.33619949164
636211211  5.27979641619,7.14511334171
636211211  5.27979641619,7.14511334171
636211211  5.27979641619,7.14511334171
636101211  5.61321943246,7.06248630774
636111011  5.74823635379,6.94877693357
633111211  5.70379508486,10.15308054
636212211  5.46851460174,7.28864922972
636101211  5.61321943246,7.06248630774
636211221  5.39862350882,7.328146008
636212211  5.46851460174,7.28864922972
636111212  5.66043968604,6.99263329853
636211212  5.19509861752,7.25879056749
636111201  5.83397141444,7.06033972527
636212212  5.07725675369,7.30730935019
636211211  5.27979641619,7.14511334171
636211211  5.27979641619,7.14511334171
636211211  5.27979641619,7.14511334171
636211211  5.27979641619,7.14511334171
636211211  5.27979641619,7.14511334171
636111211  5.77916270566,6.85683518477
636212211  5.46851460174,7.28864922972
636111211  5.77916270566,6.85683518477
636112211  5.65983799719,6.95263858286
636212212  5.07725675369,7.30730935019
636211212  5.19509861752,7.25879056749
636211211  5.27979641619,7.14511334171
636101211  5.61321943246,7.06248630774
636211212  5.19509861752,7.25879056749
636211211  5.27979641619,7.14511334171
636112211  5.65983799719,6.95263858286
636111011  5.74823635379,6.94877693357
636111211  5.77916270566,6.85683518477
636111211  5.77916270566,6.85683518477
636211212  5.19509861752,7.25879056749
636011211  6.5782670233,7.36155667759
636211211  5.27979641619,7.14511334171
636211212  5.19509861752,7.25879056749
636111211  5.77916270566,6.85683518477
636111211  5.77916270566,6.85683518477
636100211  6.23375784556,7.20754079994
636111011  5.74823635379,6.94877693357
636011221  6.46892691385,7.51694866768
636211211  5.27979641619,7.14511334171
636211211  5.27979641619,7.14511334171
636212212  5.07725675369,7.30730935019
636201211  5.73430118529,7.35198869329
636111211  5.77916270566,6.85683518477
636212211  5.46851460174,7.28864922972
636101211  5.61321943246,7.06248630774
636111211  5.77916270566,6.85683518477
636211211  5.27979641619,7.14511334171
636111201  5.83397141444,7.06033972527
636111211  5.77916270566,6.85683518477
636211211  5.27979641619,7.14511334171
636212212  5.07725675369,7.30730935019
636111211  5.77916270566,6.85683518477
636112211  5.65983799719,6.95263858286
636201212  5.39859987656,7.3587777829
636111211  5.77916270566,6.85683518477
636211211  5.27979641619,7.14511334171
636211212  5.19509861752,7.25879056749
636212212  5.07725675369,7.30730935019
636111211  5.77916270566,6.85683518477
636211211  5.27979641619,7.14511334171
636111211  5.77916270566,6.85683518477
536112211  8.11248758402,7.19284560898
636111212  5.66043968604,6.99263329853
636111211  5.77916270566,6.85683518477
636111211  5.77916270566,6.85683518477
636111211  5.77916270566,6.85683518477
636211211  5.27979641619,7.14511334171
636111011  5.74823635379,6.94877693357
636111211  5.77916270566,6.85683518477
656111211  7.6835800803,6.99183760681
656111211  7.6835800803,6.99183760681
636212211  5.46851460174,7.28864922972
636111212  5.66043968604,6.99263329853
636101111  6.16399235868,6.96156268313
636201211  5.73430118529,7.35198869329
636112211  5.65983799719,6.95263858286
636001211  6.37840080655,7.52014108958
636211212  5.19509861752,7.25879056749
635112211  5.86245139033,8.49693812727
636101211  5.61321943246,7.06248630774
636111211  5.77916270566,6.85683518477
636111211  5.77916270566,6.85683518477
636112211  5.65983799719,6.95263858286
636211211  5.27979641619,7.14511334171
636211211  5.27979641619,7.14511334171
636211211  5.27979641619,7.14511334171
636111212  5.66043968604,6.99263329853
636212211  5.46851460174,7.28864922972
636211212  5.19509861752,7.25879056749
636101211  5.61321943246,7.06248630774
636111211  5.77916270566,6.85683518477
636101211  5.61321943246,7.06248630774
644111111  6.36765094319,8.29126757112
636111212  5.66043968604,6.99263329853
636211211  5.27979641619,7.14511334171
636211211  5.27979641619,7.14511334171
636111011  5.74823635379,6.94877693357
636111212  5.66043968604,6.99263329853
636211011  5.77679538263,7.22584916285
636212212  5.07725675369,7.30730935019
636211211  5.27979641619,7.14511334171
636111211  5.77916270566,6.85683518477
636111211  5.77916270566,6.85683518477
636111011  5.74823635379,6.94877693357
636111011  5.74823635379,6.94877693357
636112211  5.65983799719,6.95263858286
636211211  5.27979641619,7.14511334171
634111211  5.69691215823,9.29475885488
636112211  5.65983799719,6.95263858286
636111011  5.74823635379,6.94877693357
636111011  5.74823635379,6.94877693357
636101211  5.61321943246,7.06248630774
636111211  5.77916270566,6.85683518477
636111201  5.83397141444,7.06033972527
636111211  5.77916270566,6.85683518477
636111211  5.77916270566,6.85683518477
636111211  5.77916270566,6.85683518477
636200211  5.2861269151,7.41010042894
636111211  5.77916270566,6.85683518477
636111211  5.77916270566,6.85683518477
636111211  5.77916270566,6.85683518477
636210212  5.76815130844,7.41459663306
636211212  5.19509861752,7.25879056749
636101211  5.61321943246,7.06248630774
636111211  5.77916270566,6.85683518477
636111211  5.77916270566,6.85683518477
636101211  5.61321943246,7.06248630774
636212211  5.46851460174,7.28864922972
636112212  5.77955789834,7.06746052145
636212212  5.07725675369,7.30730935019
636111011  5.74823635379,6.94877693357
636111211  5.77916270566,6.85683518477
636101201  6.07410873634,7.22532529527
646110211  6.84921421862,7.40274927821
636101221  5.71828164859,7.1836738777
636111211  5.77916270566,6.85683518477
636212212  5.07725675369,7.30730935019
636112211  5.65983799719,6.95263858286
636111211  5.77916270566,6.85683518477
636111211  5.77916270566,6.85683518477
636111210  5.84301586566,7.12481393231
636212212  5.07725675369,7.30730935019
636210211  5.67746250248,7.33619949164
636101211  5.61321943246,7.06248630774
636111211  5.77916270566,6.85683518477
656101211  7.55821529772,7.40903653486
636111211  5.77916270566,6.85683518477
636111211  5.77916270566,6.85683518477
636111211  5.77916270566,6.85683518477
636111211  5.77916270566,6.85683518477
636101211  5.61321943246,7.06248630774
636122211  5.73050091478,7.0573931001
636112211  5.65983799719,6.95263858286
636111211  5.77916270566,6.85683518477
636111211  5.77916270566,6.85683518477
636212212  5.07725675369,7.30730935019
636111011  5.74823635379,6.94877693357
636111211  5.77916270566,6.85683518477
636111211  5.77916270566,6.85683518477
636211211  5.27979641619,7.14511334171
636111211  5.77916270566,6.85683518477
636111011  5.74823635379,6.94877693357
636111211  5.77916270566,6.85683518477
636111211  5.77916270566,6.85683518477
636111211  5.77916270566,6.85683518477
636210211  5.67746250248,7.33619949164
636111211  5.77916270566,6.85683518477
632211212  5.96302741454,15.2107490847
636112211  5.65983799719,6.95263858286
636101211  5.61321943246,7.06248630774
636211212  5.19509861752,7.25879056749
636111211  5.77916270566,6.85683518477
436211211  8.25689628833,7.57763145253
636211212  5.19509861752,7.25879056749
636212212  5.07725675369,7.30730935019
636211211  5.27979641619,7.14511334171
636111212  5.66043968604,6.99263329853
636211211  5.27979641619,7.14511334171
636112212  5.77955789834,7.06746052145
636211211  5.27979641619,7.14511334171
636111211  5.77916270566,6.85683518477
636212211  5.46851460174,7.28864922972
636112212  5.77955789834,7.06746052145
636011211  6.5782670233,7.36155667759
636011211  6.5782670233,7.36155667759
636111211  5.77916270566,6.85683518477
636111211  5.77916270566,6.85683518477
636112211  5.65983799719,6.95263858286
636111211  5.77916270566,6.85683518477
636111011  5.74823635379,6.94877693357
636112211  5.65983799719,6.95263858286
636111211  5.77916270566,6.85683518477
636111211  5.77916270566,6.85683518477
636111201  5.83397141444,7.06033972527
636111222  5.83815312347,7.10666382583
636101011  5.94540986104,7.09118716813
656111211  7.6835800803,6.99183760681
636111011  5.74823635379,6.94877693357
636112211  5.65983799719,6.95263858286
636211212  5.19509861752,7.25879056749
636111211  5.77916270566,6.85683518477
636211211  5.27979641619,7.14511334171
536111211  8.1296548579,7.09734315882
636201212  5.39859987656,7.3587777829
636111211  5.77916270566,6.85683518477
636101211  5.61321943246,7.06248630774
636101211  5.61321943246,7.06248630774
636111011  5.74823635379,6.94877693357
636012212  6.40818279802,7.46910659287
636111211  5.77916270566,6.85683518477
636211212  5.19509861752,7.25879056749
636122211  5.73050091478,7.0573931001
636112211  5.65983799719,6.95263858286
636112211  5.65983799719,6.95263858286
636211212  5.19509861752,7.25879056749
636111211  5.77916270566,6.85683518477
636212212  5.07725675369,7.30730935019
636101211  5.61321943246,7.06248630774
636111211  5.77916270566,6.85683518477
636211211  5.27979641619,7.14511334171
636211112  5.32224998012,7.14254284018
636101111  6.16399235868,6.96156268313
646111211  6.75705782068,7.10964550267
636111211  5.77916270566,6.85683518477
636211211  5.27979641619,7.14511334171
636111211  5.77916270566,6.85683518477
636212212  5.07725675369,7.30730935019
636101211  5.61321943246,7.06248630774
636111211  5.77916270566,6.85683518477
636111211  5.77916270566,6.85683518477
636112211  5.65983799719,6.95263858286
636111211  5.77916270566,6.85683518477
636111211  5.77916270566,6.85683518477
636111212  5.66043968604,6.99263329853
636212211  5.46851460174,7.28864922972
636111211  5.77916270566,6.85683518477
632112212  6.96323500629,13.3189627001
636211212  5.19509861752,7.25879056749
636112211  5.65983799719,6.95263858286
636111211  5.77916270566,6.85683518477
636111211  5.77916270566,6.85683518477
636111212  5.66043968604,6.99263329853
636211212  5.19509861752,7.25879056749
636111211  5.77916270566,6.85683518477
636111211  5.77916270566,6.85683518477
636111211  5.77916270566,6.85683518477
636111211  5.77916270566,6.85683518477
636111211  5.77916270566,6.85683518477
636111211  5.77916270566,6.85683518477
636111011  5.74823635379,6.94877693357
636111211  5.77916270566,6.85683518477
636112212  5.77955789834,7.06746052145
636211011  5.77679538263,7.22584916285
636211211  5.27979641619,7.14511334171
636111011  5.74823635379,6.94877693357
636211212  5.19509861752,7.25879056749
636212212  5.07725675369,7.30730935019
636111211  5.77916270566,6.85683518477
636101211  5.61321943246,7.06248630774
636221211  5.4707706999,7.24049953724
636211212  5.19509861752,7.25879056749
636111211  5.77916270566,6.85683518477
636111211  5.77916270566,6.85683518477
636111211  5.77916270566,6.85683518477
636201211  5.73430118529,7.35198869329
436211211  8.25689628833,7.57763145253
636011211  6.5782670233,7.36155667759
036211211  26.8486925137,12.3075193295
636111011  5.74823635379,6.94877693357
636111211  5.77916270566,6.85683518477
636110111  5.76040745737,6.95845268209
636011211  6.5782670233,7.36155667759
636111211  5.77916270566,6.85683518477
636101211  5.61321943246,7.06248630774
636211210  5.45597637155,7.30178591942
636111212  5.66043968604,6.99263329853
632211111  5.96302741454,15.2107490847
636011211  6.5782670233,7.36155667759
636110011  6.34576690418,7.14493006944
636211211  5.27979641619,7.14511334171
636111212  5.66043968604,6.99263329853
636211211  5.27979641619,7.14511334171
636110011  6.34576690418,7.14493006944
636211211  5.27979641619,7.14511334171
636111211  5.77916270566,6.85683518477
636212212  5.07725675369,7.30730935019
636212212  5.07725675369,7.30730935019
636211211  5.27979641619,7.14511334171
636111212  5.66043968604,6.99263329853
636112211  5.65983799719,6.95263858286
636111211  5.77916270566,6.85683518477
446111011  10.517305637,8.98720903889
636111211  5.77916270566,6.85683518477
636211212  5.19509861752,7.25879056749
636111211  5.77916270566,6.85683518477
636101211  5.61321943246,7.06248630774
636111211  5.77916270566,6.85683518477
636212201  5.27508806694,7.45228718883
636111212  5.66043968604,6.99263329853
636111011  5.74823635379,6.94877693357
636111211  5.77916270566,6.85683518477
636210211  5.67746250248,7.33619949164
636111210  5.84301586566,7.12481393231
636111211  5.77916270566,6.85683518477
636111011  5.74823635379,6.94877693357
636111211  5.77916270566,6.85683518477
636111211  5.77916270566,6.85683518477
636101211  5.61321943246,7.06248630774
636212212  5.07725675369,7.30730935019
636111211  5.77916270566,6.85683518477
636111211  5.77916270566,6.85683518477
636111211  5.77916270566,6.85683518477
636211211  5.27979641619,7.14511334171
636211212  5.19509861752,7.25879056749
636112211  5.65983799719,6.95263858286
636211212  5.19509861752,7.25879056749
636111211  5.77916270566,6.85683518477
636112211  5.65983799719,6.95263858286
636211212  5.19509861752,7.25879056749
636211211  5.27979641619,7.14511334171
636112211  5.65983799719,6.95263858286
636112211  5.65983799719,6.95263858286
636111211  5.77916270566,6.85683518477
636101211  5.61321943246,7.06248630774
636101211  5.61321943246,7.06248630774
336101211  12.529518897,8.36483692589
636111211  5.77916270566,6.85683518477
636111212  5.66043968604,6.99263329853
636211211  5.27979641619,7.14511334171
636111212  5.66043968604,6.99263329853
636211211  5.27979641619,7.14511334171
636111111  5.71035118919,6.80394396102
636212212  5.07725675369,7.30730935019
636111112  5.80293055978,6.91234818076
636211212  5.19509861752,7.25879056749
636111111  5.71035118919,6.80394396102
636101211  5.61321943246,7.06248630774
636101212  6.05360605277,7.17805182682
636111211  5.77916270566,6.85683518477
636101211  5.61321943246,7.06248630774
636211212  5.19509861752,7.25879056749
636111212  5.66043968604,6.99263329853
636212212  5.07725675369,7.30730935019
636211211  5.27979641619,7.14511334171
656211212  7.3527018548,7.36673178609
636212212  5.07725675369,7.30730935019
636111211  5.77916270566,6.85683518477
636211012  5.46986058473,7.28459400385
636112211  5.65983799719,6.95263858286
636211112  5.32224998012,7.14254284018
636211211  5.27979641619,7.14511334171
636111211  5.77916270566,6.85683518477
636201211  5.73430118529,7.35198869329
636211211  5.27979641619,7.14511334171
636012211  6.38405279485,7.17221105266
636112212  5.77955789834,7.06746052145
636121211  5.86698685824,7.02126279901
636112211  5.65983799719,6.95263858286
636211212  5.19509861752,7.25879056749
636211211  5.27979641619,7.14511334171
636212212  5.07725675369,7.30730935019
636111211  5.77916270566,6.85683518477
636011210  6.50020965518,7.39866324283
636211211  5.27979641619,7.14511334171
636101210  5.8450299523,7.24796224267
636210112  5.71374834115,7.37225279553
636111211  5.77916270566,6.85683518477
636111011  5.74823635379,6.94877693357
636111211  5.77916270566,6.85683518477
636111211  5.77916270566,6.85683518477
636112211  5.65983799719,6.95263858286
636112211  5.65983799719,6.95263858286
636111011  5.74823635379,6.94877693357
636111211  5.77916270566,6.85683518477
636211011  5.77679538263,7.22584916285
636101211  5.61321943246,7.06248630774
636201212  5.39859987656,7.3587777829
636211211  5.27979641619,7.14511334171
636101211  5.61321943246,7.06248630774
636011111  6.49685780841,7.19893021053
636112211  5.65983799719,6.95263858286
636211201  5.67808540373,7.33878325631
636112211  5.65983799719,6.95263858286
636221211  5.4707706999,7.24049953724
636212211  5.46851460174,7.28864922972
636212212  5.07725675369,7.30730935019
636221212  5.21304061542,7.34783834368
636102211  5.77241987267,7.15415106304
636111111  5.71035118919,6.80394396102
636212211  5.46851460174,7.28864922972
656111112  7.75777982711,7.01265627338
636211212  5.19509861752,7.25879056749
634211112  5.17528487769,9.5930218799
636011211  6.5782670233,7.36155667759
636211212  5.19509861752,7.25879056749
636211212  5.19509861752,7.25879056749
636211211  5.27979641619,7.14511334171
136122211  18.9246320394,9.69804161422
636211211  5.27979641619,7.14511334171
636112212  5.77955789834,7.06746052145
536212211  8.07519185539,7.48748117392
636111211  5.77916270566,6.85683518477
636212212  5.07725675369,7.30730935019
636101211  5.61321943246,7.06248630774
636212212  5.07725675369,7.30730935019
636211102  5.52981149177,7.30018479382
636101201  6.07410873634,7.22532529527
636211111  5.28629540499,7.10381526048
336111112  12.688799732,8.30644547909
636111211  5.77916270566,6.85683518477
636211111  5.28629540499,7.10381526048
636211211  5.27979641619,7.14511334171
436211212  8.34943699212,7.67719025417
636111111  5.71035118919,6.80394396102
636111111  5.71035118919,6.80394396102
636101211  5.61321943246,7.06248630774
636101211  5.61321943246,7.06248630774
636211212  5.19509861752,7.25879056749
636212211  5.46851460174,7.28864922972
636112211  5.65983799719,6.95263858286
636211212  5.19509861752,7.25879056749
636211201  5.67808540373,7.33878325631
636211211  5.27979641619,7.14511334171
636212111  5.20351211692,7.21862981319
636211012  5.46986058473,7.28459400385
636211211  5.27979641619,7.14511334171
636101211  5.61321943246,7.06248630774
636212212  5.07725675369,7.30730935019
636210212  5.76815130844,7.41459663306
636112211  5.65983799719,6.95263858286
636212212  5.07725675369,7.30730935019
636111111  5.71035118919,6.80394396102
636211111  5.28629540499,7.10381526048
636101211  5.61321943246,7.06248630774
636101211  5.61321943246,7.06248630774
636111211  5.77916270566,6.85683518477
636101111  6.16399235868,6.96156268313
636212212  5.07725675369,7.30730935019
636211212  5.19509861752,7.25879056749
636212212  5.07725675369,7.30730935019
636211212  5.19509861752,7.25879056749
636211211  5.27979641619,7.14511334171
636012212  6.40818279802,7.46910659287
636101112  5.71617307679,7.09023804756
634111211  5.69691215823,9.29475885488
636211211  5.27979641619,7.14511334171
636211212  5.19509861752,7.25879056749
636101211  5.61321943246,7.06248630774
636211211  5.27979641619,7.14511334171
656212221  7.31374154169,7.48933079388
636211112  5.32224998012,7.14254284018
636112211  5.65983799719,6.95263858286
636101211  5.61321943246,7.06248630774
635211211  5.11468864334,8.56660589219
636101222  5.74362518677,7.29432098763
636112111  5.77717648554,6.85959127426
636212212  5.07725675369,7.30730935019
636112211  5.65983799719,6.95263858286
636211211  5.27979641619,7.14511334171
636211212  5.19509861752,7.25879056749
636101211  5.61321943246,7.06248630774
636211211  5.27979641619,7.14511334171
636211211  5.27979641619,7.14511334171
636211111  5.28629540499,7.10381526048
636102211  5.77241987267,7.15415106304
636112111  5.77717648554,6.85959127426
636211111  5.28629540499,7.10381526048
636211211  5.27979641619,7.14511334171
636211211  5.27979641619,7.14511334171
636211211  5.27979641619,7.14511334171
636112211  5.65983799719,6.95263858286
636201221  5.77956209436,7.449754646
636111212  5.66043968604,6.99263329853
636211211  5.27979641619,7.14511334171
636211211  5.27979641619,7.14511334171
636111211  5.77916270566,6.85683518477
636101111  6.16399235868,6.96156268313
636201211  5.73430118529,7.35198869329
636111211  5.77916270566,6.85683518477
336101111  13.1161134991,8.43598862097
636220221  5.46182564224,7.50732281434
636212212  5.07725675369,7.30730935019
636212212  5.07725675369,7.30730935019
636211212  5.19509861752,7.25879056749
636212211  5.46851460174,7.28864922972
636211111  5.28629540499,7.10381526048
636101211  5.61321943246,7.06248630774
636111211  5.77916270566,6.85683518477
636101211  5.61321943246,7.06248630774
636211211  5.27979641619,7.14511334171
636211212  5.19509861752,7.25879056749
636111211  5.77916270566,6.85683518477
636101111  6.16399235868,6.96156268313
636112211  5.65983799719,6.95263858286
636111111  5.71035118919,6.80394396102
636101211  5.61321943246,7.06248630774
636111111  5.71035118919,6.80394396102
636211111  5.28629540499,7.10381526048
636102212  5.75467605817,7.25884001794
636211211  5.27979641619,7.14511334171
636101211  5.61321943246,7.06248630774
536211212  8.19788473634,7.44764476402
636211212  5.19509861752,7.25879056749
636102211  5.77241987267,7.15415106304
636211212  5.19509861752,7.25879056749
636212212  5.07725675369,7.30730935019
636121211  5.86698685824,7.02126279901
636212101  5.44087924047,7.35913070363
636212212  5.07725675369,7.30730935019
636210211  5.67746250248,7.33619949164
636101211  5.61321943246,7.06248630774
636101211  5.61321943246,7.06248630774
636101211  5.61321943246,7.06248630774
636211211  5.27979641619,7.14511334171
636101211  5.61321943246,7.06248630774
636112210  5.70992345367,7.15562202544
636101211  5.61321943246,7.06248630774
636101211  5.61321943246,7.06248630774
636211211  5.27979641619,7.14511334171
636211112  5.32224998012,7.14254284018
636211211  5.27979641619,7.14511334171
636101221  5.71828164859,7.1836738777
636101211  5.61321943246,7.06248630774
636101211  5.61321943246,7.06248630774
636112211  5.65983799719,6.95263858286
636111211  5.77916270566,6.85683518477
636212211  5.46851460174,7.28864922972
635111111  5.79147934217,7.86967099306
036211111  25.8148200082,12.0278852938
636211211  5.27979641619,7.14511334171
236212212  21.6964777805,11.1008211386
636112211  5.65983799719,6.95263858286
636101121  5.77211580865,7.08978534223
636111110  5.76883236192,6.99610136147
656212110  7.35992034308,7.39389038324
636101212  6.05360605277,7.17805182682
636212211  5.46851460174,7.28864922972
636211212  5.19509861752,7.25879056749
636212211  5.46851460174,7.28864922972
636101211  5.61321943246,7.06248630774
636211211  5.27979641619,7.14511334171
636101211  5.61321943246,7.06248630774
636101211  5.61321943246,7.06248630774
636211211  5.27979641619,7.14511334171
636111212  5.66043968604,6.99263329853
636112211  5.65983799719,6.95263858286
636101211  5.61321943246,7.06248630774
636211211  5.27979641619,7.14511334171
636212111  5.20351211692,7.21862981319
636112211  5.65983799719,6.95263858286
636211211  5.27979641619,7.14511334171
636111111  5.71035118919,6.80394396102
336111111  12.7063542307,8.09492647304
636211211  5.27979641619,7.14511334171
636211211  5.27979641619,7.14511334171
636211211  5.27979641619,7.14511334171
636112211  5.65983799719,6.95263858286
636111111  5.71035118919,6.80394396102
636112211  5.65983799719,6.95263858286
636211011  5.77679538263,7.22584916285
636112211  5.65983799719,6.95263858286
636101211  5.61321943246,7.06248630774
636111111  5.71035118919,6.80394396102
636211211  5.27979641619,7.14511334171
636211212  5.19509861752,7.25879056749
636101211  5.61321943246,7.06248630774
636211212  5.19509861752,7.25879056749
636112212  5.77955789834,7.06746052145
636212211  5.46851460174,7.28864922972
636212211  5.46851460174,7.28864922972
636211212  5.19509861752,7.25879056749
636211211  5.27979641619,7.14511334171
636212112  5.18386628477,7.26305043704
656112211  7.60329211953,7.10678329643
636211211  5.27979641619,7.14511334171
636201201  5.83662073995,7.49263027519
636100211  6.23375784556,7.20754079994
636111211  5.77916270566,6.85683518477
636201211  5.73430118529,7.35198869329
636211211  5.27979641619,7.14511334171
636211111  5.28629540499,7.10381526048
636211211  5.27979641619,7.14511334171
636212212  5.07725675369,7.30730935019
632101011  8.13757583783,15.4151512896
636211212  5.19509861752,7.25879056749
636211211  5.27979641619,7.14511334171
636111111  5.71035118919,6.80394396102
636212111  5.20351211692,7.21862981319
636212212  5.07725675369,7.30730935019
636111111  5.71035118919,6.80394396102
636201111  5.91233621913,7.23676602471
636211111  5.28629540499,7.10381526048
636111111  5.71035118919,6.80394396102
636101221  5.71828164859,7.1836738777
636111201  5.83397141444,7.06033972527
636211211  5.27979641619,7.14511334171
636112110  5.5223115456,7.08405902263
636101211  5.61321943246,7.06248630774
636212111  5.20351211692,7.21862981319
636211111  5.28629540499,7.10381526048
636101211  5.61321943246,7.06248630774
636211211  5.27979641619,7.14511334171
636212111  5.20351211692,7.21862981319
636212211  5.46851460174,7.28864922972
636111211  5.77916270566,6.85683518477
